Determining if the pthread_create exist failed with the following output:
Change Dir: /home/patrick/march-madness(CMAKE)/build/CMakeFiles/CMakeTmp

Run Build Command:"/usr/bin/make" "cmTC_99ca0/fast"
/usr/bin/make -f CMakeFiles/cmTC_99ca0.dir/build.make CMakeFiles/cmTC_99ca0.dir/build
make[1]: Entering directory '/home/patrick/march-madness(CMAKE)/build/CMakeFiles/CMakeTmp'
Building C object CMakeFiles/cmTC_99ca0.dir/CheckSymbolExists.c.o
/home/patrick/miniconda3/bin/x86_64-conda_cos6-linux-gnu-cc   -march=nocona -mtune=haswell -ftree-vectorize -fPIC -fstack-protector-strong -fno-plt -O2 -ffunction-sections -pipe -isystem /home/patrick/miniconda3/include    -o CMakeFiles/cmTC_99ca0.dir/CheckSymbolExists.c.o   -c "/home/patrick/march-madness(CMAKE)/build/CMakeFiles/CMakeTmp/CheckSymbolExists.c"
Linking C executable cmTC_99ca0
/usr/bin/cmake -E cmake_link_script CMakeFiles/cmTC_99ca0.dir/link.txt --verbose=1
/home/patrick/miniconda3/bin/x86_64-conda_cos6-linux-gnu-cc -march=nocona -mtune=haswell -ftree-vectorize -fPIC -fstack-protector-strong -fno-plt -O2 -ffunction-sections -pipe -isystem /home/patrick/miniconda3/include   -Wl,-O2 -Wl,--sort-common -Wl,--as-needed -Wl,-z,relro -Wl,-z,now -Wl,--disable-new-dtags -Wl,--gc-sections -Wl,-rpath,/home/patrick/miniconda3/lib -Wl,-rpath-link,/home/patrick/miniconda3/lib -L/home/patrick/miniconda3/lib  -rdynamic CMakeFiles/cmTC_99ca0.dir/CheckSymbolExists.c.o  -o cmTC_99ca0 
/home/patrick/miniconda3/bin/../lib/gcc/x86_64-conda_cos6-linux-gnu/7.3.0/../../../../x86_64-conda_cos6-linux-gnu/bin/ld: CMakeFiles/cmTC_99ca0.dir/CheckSymbolExists.c.o: in function `main':
CheckSymbolExists.c:(.text.startup.main+0x3): undefined reference to `pthread_create'
collect2: error: ld returned 1 exit status
CMakeFiles/cmTC_99ca0.dir/build.make:97: recipe for target 'cmTC_99ca0' failed
make[1]: *** [cmTC_99ca0] Error 1
make[1]: Leaving directory '/home/patrick/march-madness(CMAKE)/build/CMakeFiles/CMakeTmp'
Makefile:126: recipe for target 'cmTC_99ca0/fast' failed
make: *** [cmTC_99ca0/fast] Error 2

File /home/patrick/march-madness(CMAKE)/build/CMakeFiles/CMakeTmp/CheckSymbolExists.c:
/* */
#include <pthread.h>

int main(int argc, char** argv)
{
  (void)argv;
#ifndef pthread_create
  return ((int*)(&pthread_create))[argc];
#else
  (void)argc;
  return 0;
#endif
}

Determining if the function pthread_create exists in the pthreads failed with the following output:
Change Dir: /home/patrick/march-madness(CMAKE)/build/CMakeFiles/CMakeTmp

Run Build Command:"/usr/bin/make" "cmTC_d5097/fast"
/usr/bin/make -f CMakeFiles/cmTC_d5097.dir/build.make CMakeFiles/cmTC_d5097.dir/build
make[1]: Entering directory '/home/patrick/march-madness(CMAKE)/build/CMakeFiles/CMakeTmp'
Building C object CMakeFiles/cmTC_d5097.dir/CheckFunctionExists.c.o
/home/patrick/miniconda3/bin/x86_64-conda_cos6-linux-gnu-cc   -march=nocona -mtune=haswell -ftree-vectorize -fPIC -fstack-protector-strong -fno-plt -O2 -ffunction-sections -pipe -isystem /home/patrick/miniconda3/include -DCHECK_FUNCTION_EXISTS=pthread_create   -o CMakeFiles/cmTC_d5097.dir/CheckFunctionExists.c.o   -c /usr/share/cmake-3.10/Modules/CheckFunctionExists.c
Linking C executable cmTC_d5097
/usr/bin/cmake -E cmake_link_script CMakeFiles/cmTC_d5097.dir/link.txt --verbose=1
/home/patrick/miniconda3/bin/x86_64-conda_cos6-linux-gnu-cc -march=nocona -mtune=haswell -ftree-vectorize -fPIC -fstack-protector-strong -fno-plt -O2 -ffunction-sections -pipe -isystem /home/patrick/miniconda3/include -DCHECK_FUNCTION_EXISTS=pthread_create  -Wl,-O2 -Wl,--sort-common -Wl,--as-needed -Wl,-z,relro -Wl,-z,now -Wl,--disable-new-dtags -Wl,--gc-sections -Wl,-rpath,/home/patrick/miniconda3/lib -Wl,-rpath-link,/home/patrick/miniconda3/lib -L/home/patrick/miniconda3/lib  -rdynamic CMakeFiles/cmTC_d5097.dir/CheckFunctionExists.c.o  -o cmTC_d5097 -lpthreads 
/home/patrick/miniconda3/bin/../lib/gcc/x86_64-conda_cos6-linux-gnu/7.3.0/../../../../x86_64-conda_cos6-linux-gnu/bin/ld: cannot find -lpthreads
collect2: error: ld returned 1 exit status
CMakeFiles/cmTC_d5097.dir/build.make:97: recipe for target 'cmTC_d5097' failed
make[1]: *** [cmTC_d5097] Error 1
make[1]: Leaving directory '/home/patrick/march-madness(CMAKE)/build/CMakeFiles/CMakeTmp'
Makefile:126: recipe for target 'cmTC_d5097/fast' failed
make: *** [cmTC_d5097/fast] Error 2


